<!DOCTYPE html PUBLIC "-//W3C//DTD XHTML 1.1//EN" "https://www.w3.org/TR/xhtml11/DTD/xhtml11.dtd">
<html xmlns="https://www.w3.org/1999/xhtml">
<head>
<meta http-equiv="content-type" content="text/html; charset=UTF-8"/>
<title>TestNG Report</title>
<style type="text/css">table {margin-bottom:10px;border-collapse:collapse;empty-cells:show}th,td {border:1px solid #009;padding:.25em .5em}th {vertical-align:bottom}td {vertical-align:top}table a {font-weight:bold}.stripe td {background-color: #E6EBF9}.num {text-align:right}.passedodd td {background-color: #3F3}.passedeven td {background-color: #0A0}.skippedodd td {background-color: #DDD}.skippedeven td {background-color: #CCC}.failedodd td,.attn {background-color: #F33}.failedeven td,.stripe .attn {background-color: #D00}.stacktrace {white-space:pre;font-family:monospace}.totop {font-size:85%;text-align:center;border-bottom:2px solid #000}.invisible {display:none}</style>
</head>
<body>
<table>
<tr><th>Test</th><th># Passed</th><th># Skipped</th><th># Retried</th><th># Failed</th><th>Time (ms)</th><th>Included Groups</th><th>Excluded Groups</th></tr>
<tr><th colspan="8">Command line suite</th></tr>
<tr><td><a href="#t0">Command line test</a></td><td class="num">0</td><td class="num attn">3</td><td class="num">0</td><td class="num">0</td><td class="num">389,397</td><td></td><td></td></tr>
</table>
<table id='summary'><thead><tr><th>Class</th><th>Method</th><th>Start</th><th>Time (ms)</th></tr></thead><tbody><tr><th colspan="4">Command line suite</th></tr></tbody><tbody id="t0"><tr><th colspan="4">Command line test &#8212; failed (configuration methods)</th></tr><tr class="failedeven"><td rowspan="1">hRm.CorporateTests.CreateCorporateTest</td><td><a href="#m0">bmConfig</a></td><td rowspan="1">1672747948374</td><td rowspan="1">384398</td></tr><tr class="failedodd"><td rowspan="1">hRm.EmployeeTests.CreateEmployeeTest</td><td><a href="#m1">bmConfig</a></td><td rowspan="1">1672748334763</td><td rowspan="1">0</td></tr><tr><th colspan="4">Command line test &#8212; skipped (configuration methods)</th></tr><tr class="skippedeven"><td rowspan="4">hRm.CorporateTests.CreateCorporateTest</td><td><a href="#m2">acConfig</a></td><td rowspan="1">1672748332778</td><td rowspan="1">-1672748332778</td></tr><tr class="skippedeven"><td><a href="#m3">amConfig</a></td><td rowspan="2">1672748332777</td><td rowspan="2">-1672748332777</td></tr><tr class="skippedeven"><td><a href="#m4">amConfig</a></td></tr><tr class="skippedeven"><td><a href="#m5">bmConfig</a></td><td rowspan="1">1672748332777</td><td rowspan="1">-1672748332777</td></tr><tr class="skippedodd"><td rowspan="2">hRm.EmployeeTests.CreateEmployeeTest</td><td><a href="#m6">acConfig</a></td><td rowspan="1">1672748334765</td><td rowspan="1">-1672748334765</td></tr><tr class="skippedodd"><td><a href="#m7">amConfig</a></td><td rowspan="1">1672748334765</td><td rowspan="1">-1672748334765</td></tr><tr><th colspan="4">Command line test &#8212; skipped</th></tr><tr class="skippedeven"><td rowspan="2">hRm.CorporateTests.CreateCorporateTest</td><td><a href="#m8">createCorporate</a></td><td rowspan="1">1672748332776</td><td rowspan="1">0</td></tr><tr class="skippedeven"><td><a href="#m9">editCorFunctionTest</a></td><td rowspan="1">1672748332777</td><td rowspan="1">0</td></tr><tr class="skippedodd"><td rowspan="1">hRm.EmployeeTests.CreateEmployeeTest</td><td><a href="#m10">createNewEmployeeTest</a></td><td rowspan="1">1672748334764</td><td rowspan="1">0</td></tr></tbody>
</table>
<h2>Command line test</h2><h3 id="m0">hRm.CorporateTests.CreateCorporateTest#bmConfig</h3><table class="result"><tr><th>Exception</th></tr><tr><td><div class="stacktrace">java.util.NoSuchElementException: No line found
	at java.base/java.util.Scanner.nextLine(Scanner.java:1651)
	at hRm.GenericLibrary.BaseClass.bmConfig(BaseClass.java:60)
	at java.base/java.util.ArrayList.forEach(ArrayList.java:1511)
... Removed 41 stack frames</div></td></tr></table><p class="totop"><a href="#summary">back to summary</a></p>
<h3 id="m1">hRm.EmployeeTests.CreateEmployeeTest#bmConfig</h3><table class="result"><tr><th>Exception</th></tr><tr><td><div class="stacktrace">java.util.NoSuchElementException: No line found
	at java.base/java.util.Scanner.nextLine(Scanner.java:1651)
	at hRm.GenericLibrary.BaseClass.bmConfig(BaseClass.java:60)
	at java.base/java.util.ArrayList.forEach(ArrayList.java:1511)
... Removed 41 stack frames</div></td></tr></table><p class="totop"><a href="#summary">back to summary</a></p>
<h3 id="m2">hRm.CorporateTests.CreateCorporateTest#acConfig</h3><table class="result"><tr><th class="invisible"/></tr></table><p class="totop"><a href="#summary">back to summary</a></p>
<h3 id="m3">hRm.CorporateTests.CreateCorporateTest#amConfig</h3><table class="result"><tr><th class="invisible"/></tr></table><p class="totop"><a href="#summary">back to summary</a></p>
<h3 id="m4">hRm.CorporateTests.CreateCorporateTest#amConfig</h3><table class="result"><tr><th class="invisible"/></tr></table><p class="totop"><a href="#summary">back to summary</a></p>
<h3 id="m5">hRm.CorporateTests.CreateCorporateTest#bmConfig</h3><table class="result"><tr><th class="invisible"/></tr></table><p class="totop"><a href="#summary">back to summary</a></p>
<h3 id="m6">hRm.EmployeeTests.CreateEmployeeTest#acConfig</h3><table class="result"><tr><th class="invisible"/></tr></table><p class="totop"><a href="#summary">back to summary</a></p>
<h3 id="m7">hRm.EmployeeTests.CreateEmployeeTest#amConfig</h3><table class="result"><tr><th class="invisible"/></tr></table><p class="totop"><a href="#summary">back to summary</a></p>
<h3 id="m8">hRm.CorporateTests.CreateCorporateTest#createCorporate</h3><table class="result"><tr><th>Exception</th></tr><tr><td><div class="stacktrace">java.util.NoSuchElementException: No line found
	at java.base/java.util.Scanner.nextLine(Scanner.java:1651)
	at hRm.GenericLibrary.BaseClass.bmConfig(BaseClass.java:60)
	at java.base/java.util.ArrayList.forEach(ArrayList.java:1511)
... Removed 41 stack frames</div></td></tr></table><p class="totop"><a href="#summary">back to summary</a></p>
<h3 id="m9">hRm.CorporateTests.CreateCorporateTest#editCorFunctionTest</h3><table class="result"><tr><th>Exception</th></tr><tr><td><div class="stacktrace">java.util.NoSuchElementException: No line found
	at java.base/java.util.Scanner.nextLine(Scanner.java:1651)
	at hRm.GenericLibrary.BaseClass.bmConfig(BaseClass.java:60)
	at java.base/java.util.ArrayList.forEach(ArrayList.java:1511)
... Removed 41 stack frames</div></td></tr></table><p class="totop"><a href="#summary">back to summary</a></p>
<h3 id="m10">hRm.EmployeeTests.CreateEmployeeTest#createNewEmployeeTest</h3><table class="result"><tr><th>Exception</th></tr><tr><td><div class="stacktrace">java.util.NoSuchElementException: No line found
	at java.base/java.util.Scanner.nextLine(Scanner.java:1651)
	at hRm.GenericLibrary.BaseClass.bmConfig(BaseClass.java:60)
	at java.base/java.util.ArrayList.forEach(ArrayList.java:1511)
... Removed 41 stack frames</div></td></tr></table><p class="totop"><a href="#summary">back to summary</a></p>
</body>
</html>
